{"name": "Login with empty password", "status": "broken", "statusDetails": {"message": "selenium.common.exceptions.TimeoutException: Message: \nStacktrace:\n\tGetHandleVerifier [0x00007FF631559632+30946]\n\t(No symbol) [0x00007FF63150E3C9]\n\t(No symbol) [0x00007FF631406FDA]\n\t(No symbol) [0x00007FF63145822C]\n\t(No symbol) [0x00007FF63145850C]\n\t(No symbol) [0x00007FF63149DCB7]\n\t(No symbol) [0x00007FF63147CAAF]\n\t(No symbol) [0x00007FF63149B041]\n\t(No symbol) [0x00007FF63147C813]\n\t(No symbol) [0x00007FF63144A6E5]\n\t(No symbol) [0x00007FF63144B021]\n\tGetHandleVerifier [0x00007FF63168F83D+1301229]\n\tGetHandleVerifier [0x00007FF63169BDB7+1351783]\n\tGetHandleVerifier [0x00007FF631692A03+1313971]\n\tGetHandleVerifier [0x00007FF63158DD06+245686]\n\t(No symbol) [0x00007FF63151758F]\n\t(No symbol) [0x00007FF631513804]\n\t(No symbol) [0x00007FF631513992]\n\t(No symbol) [0x00007FF63150A3EF]\n\tBaseThreadInitThunk [0x00007FFD0C4C257D+29]\n\tRtlUserThreadStart [0x00007FFD0D5EAF28+40]\n\n", "trace": "  File \"C:\\Users\\lclar\\Documents\\todoist - Selenium\\.venv\\lib\\site-packages\\behave\\model.py\", line 1329, in run\n    match.run(runner.context)\n  File \"C:\\Users\\lclar\\Documents\\todoist - Selenium\\.venv\\lib\\site-packages\\behave\\matchers.py\", line 98, in run\n    self.func(context, *args, **kwargs)\n  File \"features\\steps\\login_steps.py\", line 57, in step_impl\n    assert context.login_page.get_error_message() == error_message\n  File \"C:\\Users\\lclar\\Documents\\todoist - Selenium\\pages\\login_page.py\", line 19, in get_error_message\n    return self.find_element(*LoginLocators.ERROR_MESSAGE).text\n  File \"C:\\Users\\lclar\\Documents\\todoist - Selenium\\pages\\base_page.py\", line 9, in find_element\n    return WebDriverWait(self.driver, 10).until(EC.presence_of_element_located(locator))\n  File \"C:\\Users\\lclar\\Documents\\todoist - Selenium\\.venv\\lib\\site-packages\\selenium\\webdriver\\support\\wait.py\", line 105, in until\n    raise TimeoutException(message, screen, stacktrace)\n"}, "steps": [{"name": "Given a web browser is at the todoist login page", "status": "passed", "start": 1722643446711, "stop": 1722643462871}, {"name": "When a user enters the Todoist username \"fernandezfreddy778@gmail.com\" and an empty Todoist password and clicks on the Todoist login button", "status": "passed", "steps": [{"name": "Entering username: fernandezfreddy778@gmail.com", "status": "passed", "start": 1722643462871, "stop": 1722643463074}, {"name": "Entering empty password", "status": "passed", "start": 1722643463074, "stop": 1722643463165}, {"name": "Clicking on login button", "status": "passed", "start": 1722643463165, "stop": 1722643463244}], "start": 1722643462871, "stop": 1722643463244}, {"name": "Then the Todoist error message \"Password is required.\" is displayed", "status": "broken", "statusDetails": {"message": "selenium.common.exceptions.TimeoutException: Message: \nStacktrace:\n\tGetHandleVerifier [0x00007FF631559632+30946]\n\t(No symbol) [0x00007FF63150E3C9]\n\t(No symbol) [0x00007FF631406FDA]\n\t(No symbol) [0x00007FF63145822C]\n\t(No symbol) [0x00007FF63145850C]\n\t(No symbol) [0x00007FF63149DCB7]\n\t(No symbol) [0x00007FF63147CAAF]\n\t(No symbol) [0x00007FF63149B041]\n\t(No symbol) [0x00007FF63147C813]\n\t(No symbol) [0x00007FF63144A6E5]\n\t(No symbol) [0x00007FF63144B021]\n\tGetHandleVerifier [0x00007FF63168F83D+1301229]\n\tGetHandleVerifier [0x00007FF63169BDB7+1351783]\n\tGetHandleVerifier [0x00007FF631692A03+1313971]\n\tGetHandleVerifier [0x00007FF63158DD06+245686]\n\t(No symbol) [0x00007FF63151758F]\n\t(No symbol) [0x00007FF631513804]\n\t(No symbol) [0x00007FF631513992]\n\t(No symbol) [0x00007FF63150A3EF]\n\tBaseThreadInitThunk [0x00007FFD0C4C257D+29]\n\tRtlUserThreadStart [0x00007FFD0D5EAF28+40]\n\n", "trace": "  File \"C:\\Users\\lclar\\Documents\\todoist - Selenium\\.venv\\lib\\site-packages\\behave\\model.py\", line 1329, in run\n    match.run(runner.context)\n  File \"C:\\Users\\lclar\\Documents\\todoist - Selenium\\.venv\\lib\\site-packages\\behave\\matchers.py\", line 98, in run\n    self.func(context, *args, **kwargs)\n  File \"features\\steps\\login_steps.py\", line 57, in step_impl\n    assert context.login_page.get_error_message() == error_message\n  File \"C:\\Users\\lclar\\Documents\\todoist - Selenium\\pages\\login_page.py\", line 19, in get_error_message\n    return self.find_element(*LoginLocators.ERROR_MESSAGE).text\n  File \"C:\\Users\\lclar\\Documents\\todoist - Selenium\\pages\\base_page.py\", line 9, in find_element\n    return WebDriverWait(self.driver, 10).until(EC.presence_of_element_located(locator))\n  File \"C:\\Users\\lclar\\Documents\\todoist - Selenium\\.venv\\lib\\site-packages\\selenium\\webdriver\\support\\wait.py\", line 105, in until\n    raise TimeoutException(message, screen, stacktrace)\n"}, "steps": [{"name": "Checking error message: Password is required.", "status": "broken", "statusDetails": {"message": "selenium.common.exceptions.TimeoutException: Message: \nStacktrace:\n\tGetHandleVerifier [0x00007FF631559632+30946]\n\t(No symbol) [0x00007FF63150E3C9]\n\t(No symbol) [0x00007FF631406FDA]\n\t(No symbol) [0x00007FF63145822C]\n\t(No symbol) [0x00007FF63145850C]\n\t(No symbol) [0x00007FF63149DCB7]\n\t(No symbol) [0x00007FF63147CAAF]\n\t(No symbol) [0x00007FF63149B041]\n\t(No symbol) [0x00007FF63147C813]\n\t(No symbol) [0x00007FF63144A6E5]\n\t(No symbol) [0x00007FF63144B021]\n\tGetHandleVerifier [0x00007FF63168F83D+1301229]\n\tGetHandleVerifier [0x00007FF63169BDB7+1351783]\n\tGetHandleVerifier [0x00007FF631692A03+1313971]\n\tGetHandleVerifier [0x00007FF63158DD06+245686]\n\t(No symbol) [0x00007FF63151758F]\n\t(No symbol) [0x00007FF631513804]\n\t(No symbol) [0x00007FF631513992]\n\t(No symbol) [0x00007FF63150A3EF]\n\tBaseThreadInitThunk [0x00007FFD0C4C257D+29]\n\tRtlUserThreadStart [0x00007FFD0D5EAF28+40]\n\n", "trace": "  File \"features\\steps\\login_steps.py\", line 57, in step_impl\n    assert context.login_page.get_error_message() == error_message\n  File \"C:\\Users\\lclar\\Documents\\todoist - Selenium\\pages\\login_page.py\", line 19, in get_error_message\n    return self.find_element(*LoginLocators.ERROR_MESSAGE).text\n  File \"C:\\Users\\lclar\\Documents\\todoist - Selenium\\pages\\base_page.py\", line 9, in find_element\n    return WebDriverWait(self.driver, 10).until(EC.presence_of_element_located(locator))\n  File \"C:\\Users\\lclar\\Documents\\todoist - Selenium\\.venv\\lib\\site-packages\\selenium\\webdriver\\support\\wait.py\", line 105, in until\n    raise TimeoutException(message, screen, stacktrace)\n"}, "start": 1722643463245, "stop": 1722643473716}], "start": 1722643463244, "stop": 1722643473761}], "start": 1722643446711, "stop": 1722643473761, "uuid": "730fa38b-b5ac-4a32-bc37-48987fd511c3", "historyId": "0948ea3884afd8523316470400c41a8a", "fullName": "Todoist Login: Login with empty password", "labels": [{"name": "severity", "value": "normal"}, {"name": "feature", "value": "Todoist Login"}, {"name": "framework", "value": "behave"}, {"name": "language", "value": "cpython3"}]}