{"name": "Login with empty password", "status": "broken", "statusDetails": {"message": "selenium.common.exceptions.TimeoutException: Message: \nStacktrace:\n\tGetHandleVerifier [0x00007FF6BE559632+30946]\n\t(No symbol) [0x00007FF6BE50E3C9]\n\t(No symbol) [0x00007FF6BE406FDA]\n\t(No symbol) [0x00007FF6BE45822C]\n\t(No symbol) [0x00007FF6BE45850C]\n\t(No symbol) [0x00007FF6BE49DCB7]\n\t(No symbol) [0x00007FF6BE47CAAF]\n\t(No symbol) [0x00007FF6BE49B041]\n\t(No symbol) [0x00007FF6BE47C813]\n\t(No symbol) [0x00007FF6BE44A6E5]\n\t(No symbol) [0x00007FF6BE44B021]\n\tGetHandleVerifier [0x00007FF6BE68F83D+1301229]\n\tGetHandleVerifier [0x00007FF6BE69BDB7+1351783]\n\tGetHandleVerifier [0x00007FF6BE692A03+1313971]\n\tGetHandleVerifier [0x00007FF6BE58DD06+245686]\n\t(No symbol) [0x00007FF6BE51758F]\n\t(No symbol) [0x00007FF6BE513804]\n\t(No symbol) [0x00007FF6BE513992]\n\t(No symbol) [0x00007FF6BE50A3EF]\n\tBaseThreadInitThunk [0x00007FFD0C4C257D+29]\n\tRtlUserThreadStart [0x00007FFD0D5EAF28+40]\n\n", "trace": "  File \"C:\\Users\\lclar\\Documents\\todoist - Selenium\\.venv\\lib\\site-packages\\behave\\model.py\", line 1329, in run\n    match.run(runner.context)\n  File \"C:\\Users\\lclar\\Documents\\todoist - Selenium\\.venv\\lib\\site-packages\\behave\\matchers.py\", line 98, in run\n    self.func(context, *args, **kwargs)\n  File \"features\\steps\\login_steps.py\", line 57, in step_impl\n    assert context.login_page.get_error_message() == error_message\n  File \"C:\\Users\\lclar\\Documents\\todoist - Selenium\\pages\\login_page.py\", line 19, in get_error_message\n    return self.find_element(*LoginLocators.ERROR_MESSAGE).text\n  File \"C:\\Users\\lclar\\Documents\\todoist - Selenium\\pages\\base_page.py\", line 9, in find_element\n    return WebDriverWait(self.driver, 10).until(EC.presence_of_element_located(locator))\n  File \"C:\\Users\\lclar\\Documents\\todoist - Selenium\\.venv\\lib\\site-packages\\selenium\\webdriver\\support\\wait.py\", line 105, in until\n    raise TimeoutException(message, screen, stacktrace)\n"}, "steps": [{"name": "Given a web browser is at the todoist login page", "status": "passed", "start": 1722707708940, "stop": 1722707712852}, {"name": "When a user enters the Todoist username \"fernandezfreddy778@gmail.com\" and an empty Todoist password and clicks on the Todoist login button", "status": "passed", "steps": [{"name": "Entering username: fernandezfreddy778@gmail.com", "status": "passed", "start": 1722707712854, "stop": 1722707713679}, {"name": "Entering empty password", "status": "passed", "start": 1722707713679, "stop": 1722707713801}, {"name": "Clicking on login button", "status": "passed", "start": 1722707713801, "stop": 1722707713915}], "start": 1722707712854, "stop": 1722707713915}, {"name": "Then the Todoist error message \"Password is required.\" is displayed", "status": "broken", "statusDetails": {"message": "selenium.common.exceptions.TimeoutException: Message: \nStacktrace:\n\tGetHandleVerifier [0x00007FF6BE559632+30946]\n\t(No symbol) [0x00007FF6BE50E3C9]\n\t(No symbol) [0x00007FF6BE406FDA]\n\t(No symbol) [0x00007FF6BE45822C]\n\t(No symbol) [0x00007FF6BE45850C]\n\t(No symbol) [0x00007FF6BE49DCB7]\n\t(No symbol) [0x00007FF6BE47CAAF]\n\t(No symbol) [0x00007FF6BE49B041]\n\t(No symbol) [0x00007FF6BE47C813]\n\t(No symbol) [0x00007FF6BE44A6E5]\n\t(No symbol) [0x00007FF6BE44B021]\n\tGetHandleVerifier [0x00007FF6BE68F83D+1301229]\n\tGetHandleVerifier [0x00007FF6BE69BDB7+1351783]\n\tGetHandleVerifier [0x00007FF6BE692A03+1313971]\n\tGetHandleVerifier [0x00007FF6BE58DD06+245686]\n\t(No symbol) [0x00007FF6BE51758F]\n\t(No symbol) [0x00007FF6BE513804]\n\t(No symbol) [0x00007FF6BE513992]\n\t(No symbol) [0x00007FF6BE50A3EF]\n\tBaseThreadInitThunk [0x00007FFD0C4C257D+29]\n\tRtlUserThreadStart [0x00007FFD0D5EAF28+40]\n\n", "trace": "  File \"C:\\Users\\lclar\\Documents\\todoist - Selenium\\.venv\\lib\\site-packages\\behave\\model.py\", line 1329, in run\n    match.run(runner.context)\n  File \"C:\\Users\\lclar\\Documents\\todoist - Selenium\\.venv\\lib\\site-packages\\behave\\matchers.py\", line 98, in run\n    self.func(context, *args, **kwargs)\n  File \"features\\steps\\login_steps.py\", line 57, in step_impl\n    assert context.login_page.get_error_message() == error_message\n  File \"C:\\Users\\lclar\\Documents\\todoist - Selenium\\pages\\login_page.py\", line 19, in get_error_message\n    return self.find_element(*LoginLocators.ERROR_MESSAGE).text\n  File \"C:\\Users\\lclar\\Documents\\todoist - Selenium\\pages\\base_page.py\", line 9, in find_element\n    return WebDriverWait(self.driver, 10).until(EC.presence_of_element_located(locator))\n  File \"C:\\Users\\lclar\\Documents\\todoist - Selenium\\.venv\\lib\\site-packages\\selenium\\webdriver\\support\\wait.py\", line 105, in until\n    raise TimeoutException(message, screen, stacktrace)\n"}, "steps": [{"name": "Checking error message: Password is required.", "status": "broken", "statusDetails": {"message": "selenium.common.exceptions.TimeoutException: Message: \nStacktrace:\n\tGetHandleVerifier [0x00007FF6BE559632+30946]\n\t(No symbol) [0x00007FF6BE50E3C9]\n\t(No symbol) [0x00007FF6BE406FDA]\n\t(No symbol) [0x00007FF6BE45822C]\n\t(No symbol) [0x00007FF6BE45850C]\n\t(No symbol) [0x00007FF6BE49DCB7]\n\t(No symbol) [0x00007FF6BE47CAAF]\n\t(No symbol) [0x00007FF6BE49B041]\n\t(No symbol) [0x00007FF6BE47C813]\n\t(No symbol) [0x00007FF6BE44A6E5]\n\t(No symbol) [0x00007FF6BE44B021]\n\tGetHandleVerifier [0x00007FF6BE68F83D+1301229]\n\tGetHandleVerifier [0x00007FF6BE69BDB7+1351783]\n\tGetHandleVerifier [0x00007FF6BE692A03+1313971]\n\tGetHandleVerifier [0x00007FF6BE58DD06+245686]\n\t(No symbol) [0x00007FF6BE51758F]\n\t(No symbol) [0x00007FF6BE513804]\n\t(No symbol) [0x00007FF6BE513992]\n\t(No symbol) [0x00007FF6BE50A3EF]\n\tBaseThreadInitThunk [0x00007FFD0C4C257D+29]\n\tRtlUserThreadStart [0x00007FFD0D5EAF28+40]\n\n", "trace": "  File \"features\\steps\\login_steps.py\", line 57, in step_impl\n    assert context.login_page.get_error_message() == error_message\n  File \"C:\\Users\\lclar\\Documents\\todoist - Selenium\\pages\\login_page.py\", line 19, in get_error_message\n    return self.find_element(*LoginLocators.ERROR_MESSAGE).text\n  File \"C:\\Users\\lclar\\Documents\\todoist - Selenium\\pages\\base_page.py\", line 9, in find_element\n    return WebDriverWait(self.driver, 10).until(EC.presence_of_element_located(locator))\n  File \"C:\\Users\\lclar\\Documents\\todoist - Selenium\\.venv\\lib\\site-packages\\selenium\\webdriver\\support\\wait.py\", line 105, in until\n    raise TimeoutException(message, screen, stacktrace)\n"}, "start": 1722707713916, "stop": 1722707724338}], "start": 1722707713915, "stop": 1722707724450}], "start": 1722707708939, "stop": 1722707724452, "uuid": "3c2cccff-c24d-4c94-8968-044e19af8efd", "historyId": "0948ea3884afd8523316470400c41a8a", "fullName": "Todoist Login: Login with empty password", "labels": [{"name": "severity", "value": "normal"}, {"name": "feature", "value": "Todoist Login"}, {"name": "framework", "value": "behave"}, {"name": "language", "value": "cpython3"}]}